<?xml version="1.0" encoding="UTF-8"?>
<testng-results skipped="0" failed="0" ignored="0" total="1" passed="1">
  <reporter-output>
  </reporter-output>
  <suite name="Default suite" duration-ms="20634" started-at="2022-04-19T17:48:13Z" finished-at="2022-04-19T17:48:34Z">
    <groups>
    </groups>
    <test name="Default test" duration-ms="20634" started-at="2022-04-19T17:48:13Z" finished-at="2022-04-19T17:48:34Z">
      <class name="test.BankCashMenuTest">
        <test-method status="PASS" signature="validUserShouldBeAbleToAddNewAccount()[pri:0, instance:test.BankCashMenuTest@4738a206]" name="validUserShouldBeAbleToAddNewAccount" duration-ms="20616" started-at="2022-04-19T17:48:13Z" finished-at="2022-04-19T17:48:34Z">
          <reporter-output>
          </reporter-output>
        </test-method> <!-- validUserShouldBeAbleToAddNewAccount -->
      </class> <!-- test.BankCashMenuTest -->
    </test> <!-- Default test -->
  </suite> <!-- Default suite -->
</testng-results>
